<?xml version="1.0" encoding="UTF-8"?>
<!-- Generated by org.testng.reporters.JUnitReportReporter -->
<testsuite hostname="LTIN534102" failures="0" tests="24" name="TestCases.TC006_HealthInsuranceNewTest" time="165.029" errors="0" timestamp="2024-02-19T11:40:48 IST" skipped="0">
  <testcase classname="TestCases.TC006_HealthInsuranceNewTest" name="test1" time="6.695"/>
  <testcase classname="TestCases.TC006_HealthInsuranceNewTest" name="test1" time="5.471"/>
  <testcase classname="TestCases.TC006_HealthInsuranceNewTest" name="test2" time="2.360"/>
  <testcase classname="TestCases.TC006_HealthInsuranceNewTest" name="test2" time="2.497"/>
  <testcase classname="TestCases.TC006_HealthInsuranceNewTest" name="test3" time="0.125"/>
  <testcase classname="TestCases.TC006_HealthInsuranceNewTest" name="test3" time="0.140"/>
  <testcase classname="TestCases.TC006_HealthInsuranceNewTest" name="test4" time="5.010"/>
  <testcase classname="TestCases.TC006_HealthInsuranceNewTest" name="test4" time="4.942"/>
  <testcase classname="TestCases.TC006_HealthInsuranceNewTest" name="test5" time="2.677"/>
  <testcase classname="TestCases.TC006_HealthInsuranceNewTest" name="test5" time="2.743"/>
  <testcase classname="TestCases.TC006_HealthInsuranceNewTest" name="test6" time="0.152"/>
  <testcase classname="TestCases.TC006_HealthInsuranceNewTest" name="test6" time="0.138"/>
  <testcase classname="TestCases.TC006_HealthInsuranceNewTest" name="test7" time="0.974"/>
  <testcase classname="TestCases.TC006_HealthInsuranceNewTest" name="test7" time="1.325"/>
  <testcase classname="TestCases.TC006_HealthInsuranceNewTest" name="test8" time="30.773"/>
  <testcase classname="TestCases.TC006_HealthInsuranceNewTest" name="test8" time="32.693"/>
  <testcase classname="TestCases.TC006_HealthInsuranceNewTest" name="test9" time="3.232"/>
  <testcase classname="TestCases.TC006_HealthInsuranceNewTest" name="test9" time="3.377"/>
  <testcase classname="TestCases.TC006_HealthInsuranceNewTest" name="test10" time="11.540"/>
  <testcase classname="TestCases.TC006_HealthInsuranceNewTest" name="test10" time="11.524"/>
  <testcase classname="TestCases.TC006_HealthInsuranceNewTest" name="test11" time="12.629"/>
  <testcase classname="TestCases.TC006_HealthInsuranceNewTest" name="test11" time="11.784"/>
  <testcase classname="TestCases.TC006_HealthInsuranceNewTest" name="test12" time="5.937"/>
  <testcase classname="TestCases.TC006_HealthInsuranceNewTest" name="test12" time="6.291"/>
</testsuite> <!-- TestCases.TC006_HealthInsuranceNewTest -->
