<?xml version="1.0" encoding="UTF-8"?>
<!-- Generated by org.testng.reporters.JUnitReportReporter -->
<testsuite hostname="LTIN262643" failures="0" tests="24" name="TestCases.TC006_HealthInsuranceNewTest" time="145.752" errors="0" timestamp="2024-02-09T00:50:13 IST" skipped="0">
  <testcase classname="TestCases.TC006_HealthInsuranceNewTest" name="test1" time="5.690"/>
  <testcase classname="TestCases.TC006_HealthInsuranceNewTest" name="test1" time="5.735"/>
  <testcase classname="TestCases.TC006_HealthInsuranceNewTest" name="test2" time="3.119"/>
  <testcase classname="TestCases.TC006_HealthInsuranceNewTest" name="test2" time="2.711"/>
  <testcase classname="TestCases.TC006_HealthInsuranceNewTest" name="test3" time="0.333"/>
  <testcase classname="TestCases.TC006_HealthInsuranceNewTest" name="test3" time="0.286"/>
  <testcase classname="TestCases.TC006_HealthInsuranceNewTest" name="test4" time="6.032"/>
  <testcase classname="TestCases.TC006_HealthInsuranceNewTest" name="test4" time="5.784"/>
  <testcase classname="TestCases.TC006_HealthInsuranceNewTest" name="test5" time="3.916"/>
  <testcase classname="TestCases.TC006_HealthInsuranceNewTest" name="test5" time="3.512"/>
  <testcase classname="TestCases.TC006_HealthInsuranceNewTest" name="test6" time="0.705"/>
  <testcase classname="TestCases.TC006_HealthInsuranceNewTest" name="test6" time="0.346"/>
  <testcase classname="TestCases.TC006_HealthInsuranceNewTest" name="test7" time="0.950"/>
  <testcase classname="TestCases.TC006_HealthInsuranceNewTest" name="test7" time="1.700"/>
  <testcase classname="TestCases.TC006_HealthInsuranceNewTest" name="test8" time="13.086"/>
  <testcase classname="TestCases.TC006_HealthInsuranceNewTest" name="test8" time="15.519"/>
  <testcase classname="TestCases.TC006_HealthInsuranceNewTest" name="test9" time="4.282"/>
  <testcase classname="TestCases.TC006_HealthInsuranceNewTest" name="test9" time="4.899"/>
  <testcase classname="TestCases.TC006_HealthInsuranceNewTest" name="test10" time="12.508"/>
  <testcase classname="TestCases.TC006_HealthInsuranceNewTest" name="test10" time="12.667"/>
  <testcase classname="TestCases.TC006_HealthInsuranceNewTest" name="test11" time="13.746"/>
  <testcase classname="TestCases.TC006_HealthInsuranceNewTest" name="test11" time="13.782"/>
  <testcase classname="TestCases.TC006_HealthInsuranceNewTest" name="test12" time="7.666"/>
  <testcase classname="TestCases.TC006_HealthInsuranceNewTest" name="test12" time="6.778"/>
</testsuite> <!-- TestCases.TC006_HealthInsuranceNewTest -->
